mode: atomic
github.com/rodaine/wrk/http.go:35.31,36.21 1 6
github.com/rodaine/wrk/http.go:36.21,37.24 1 4
github.com/rodaine/wrk/http.go:37.24,39.4 1 1
github.com/rodaine/wrk/http.go:43.55,46.29 2 3
github.com/rodaine/wrk/http.go:52.2,53.57 2 3
github.com/rodaine/wrk/http.go:57.2,57.12 1 2
github.com/rodaine/wrk/http.go:46.29,47.63 1 1
github.com/rodaine/wrk/http.go:47.63,49.4 1 1
github.com/rodaine/wrk/http.go:53.57,55.3 1 1
github.com/rodaine/wrk/http.go:60.37,64.18 3 3
github.com/rodaine/wrk/http.go:68.2,71.33 3 3
github.com/rodaine/wrk/http.go:64.18,66.3 1 3
github.com/rodaine/wrk/named.go:18.38,19.16 1 3
github.com/rodaine/wrk/named.go:22.2,25.3 1 2
github.com/rodaine/wrk/named.go:19.16,21.3 1 1
github.com/rodaine/wrk/named.go:28.47,30.2 1 2
github.com/rodaine/wrk/named.go:32.29,33.44 1 2
github.com/rodaine/wrk/named.go:36.2,36.12 1 1
github.com/rodaine/wrk/named.go:33.44,35.3 1 1
github.com/rodaine/wrk/named.go:45.38,47.2 1 1
github.com/rodaine/wrk/named.go:49.38,49.56 1 1
github.com/rodaine/wrk/signal.go:19.49,24.9 4 2
github.com/rodaine/wrk/signal.go:25.20,26.19 1 1
github.com/rodaine/wrk/signal.go:27.23,28.34 1 1
github.com/rodaine/wrk/signal.go:38.47,40.2 1 1
github.com/rodaine/wrk/work.go:28.52,28.69 1 0
github.com/rodaine/wrk/work.go:46.20,46.21 0 0
github.com/rodaine/wrk/work.go:52.57,55.28 2 4
github.com/rodaine/wrk/work.go:74.2,74.19 1 4
github.com/rodaine/wrk/work.go:55.28,59.38 3 6
github.com/rodaine/wrk/work.go:68.3,68.23 1 6
github.com/rodaine/wrk/work.go:59.38,62.24 2 6
github.com/rodaine/wrk/work.go:62.24,65.5 2 6
github.com/rodaine/wrk/work.go:68.23,71.4 2 6
